Tue Jun 16 09:17:37 PM EDT 2026 вҖ” Deploying to Cloudflare Pages (API: https://documented-runtime-workflow-friends.trycloudflare.com)
   в–І Next.js 15.5.19
   - Environments: .env

   Creating an optimized production build ...
 вң“ Compiled successfully in 2.4s
   Skipping validation of types
   Skipping linting
   Collecting page data ...
   Generating static pages (0/8) ...
   Generating static pages (2/8) 
   Generating static pages (4/8) 
   Generating static pages (6/8) 
 вң“ Generating static pages (8/8)
   Finalizing page optimization ...
   Collecting build traces ...
   Exporting (0/3) ...
 вң“ Exporting (3/3)

Route (app)                                 Size  First Load JS
в”Ң в—Ӣ /                                     343 kB         445 kB
в”ң в—Ӣ /_not-found                            994 B         103 kB
в”ң в—Ӣ /admin                               1.78 kB         107 kB
в”ң в—Ҹ /journal/[id]                          166 B         106 kB
в”ң в—Ӣ /sign-in                               166 B         106 kB
в”” в—Ӣ /sign-up                               166 B         106 kB
+ First Load JS shared by all             102 kB
  в”ң chunks/255-b742017c75bef0ba.js       46.1 kB
  в”ң chunks/4bd1b696-21f374d1156f834a.js  54.2 kB
  в”” other shared chunks (total)          1.88 kB


в—Ӣ  (Static)  prerendered as static content
в—Ҹ  (SSG)     prerendered as static HTML (uses generateStaticParams)


 вӣ…пёҸ wrangler 4.101.0
в”Җв”Җв”Җв”Җв”Җв”Җв”Җв”Җв”Җв”Җв”Җв”Җв”Җв”Җв”Җв”Җв”Җв”Җв”Җв”Җ
Uploading... (41/51)
Uploading... (45/51)
Uploading... (48/51)
Uploading... (51/51)
вңЁ Success! Uploaded 10 files (41 already uploaded) (1.08 sec)

рҹҢҺ Deploying...
вңЁ Deployment complete! Take a peek over at https://6c2c3a27.travelboard-9q0.pages.dev
Tue Jun 16 09:18:02 PM EDT 2026 вҖ” Deploy complete: https://travelboard-9q0.pages.dev
Tue Jun 16 09:21:57 PM EDT 2026 вҖ” Deploying to Cloudflare Pages (API: https://documented-runtime-workflow-friends.trycloudflare.com)
 вҡ  Warning: Next.js inferred your workspace root, but it may not be correct.
 We detected multiple lockfiles and selected the directory of /tmp/package-lock.json as the root directory.
 To silence this warning, set `outputFileTracingRoot` in your Next.js config, or consider removing one of the lockfiles if it's not needed.
   See https://nextjs.org/docs/app/api-reference/config/next-config-js/output#caveats for more information.
 Detected additional lockfiles: 
   * /tmp/tmp.XKNUFzbDuv/travelboard-deploy/package-lock.json

   в–І Next.js 15.5.19
   - Environments: .env

   Creating an optimized production build ...
 вң“ Compiled successfully in 10.1s
   Skipping validation of types
   Skipping linting
   Collecting page data ...
   Generating static pages (0/8) ...
   Generating static pages (2/8) 
   Generating static pages (4/8) 
   Generating static pages (6/8) 
 вң“ Generating static pages (8/8)
   Finalizing page optimization ...
   Collecting build traces ...
   Exporting (0/3) ...
 вң“ Exporting (3/3)

Route (app)                                 Size  First Load JS
в”Ң в—Ӣ /                                     343 kB         445 kB
в”ң в—Ӣ /_not-found                            993 B         103 kB
в”ң в—Ӣ /admin                               1.78 kB         107 kB
в”ң в—Ҹ /journal/[id]                          167 B         105 kB
в”ң в—Ӣ /sign-in                               167 B         105 kB
в”” в—Ӣ /sign-up                               167 B         105 kB
+ First Load JS shared by all             102 kB
  в”ң chunks/142-69da4545d6eaea88.js       45.8 kB
  в”ң chunks/6ad05b90-a254aa99dae450d3.js  54.2 kB
  в”” other shared chunks (total)          1.88 kB


в—Ӣ  (Static)  prerendered as static content
в—Ҹ  (SSG)     prerendered as static HTML (uses generateStaticParams)


 вӣ…пёҸ wrangler 4.101.0
в”Җв”Җв”Җв”Җв”Җв”Җв”Җв”Җв”Җв”Җв”Җв”Җв”Җв”Җв”Җв”Җв”Җв”Җв”Җв”Җ
Uploading... (23/51)
Uploading... (32/51)
Uploading... (41/51)
Uploading... (51/51)
вңЁ Success! Uploaded 28 files (23 already uploaded) (1.98 sec)

рҹҢҺ Deploying...
вңЁ Deployment complete! Take a peek over at https://ecb6977c.travelboard-9q0.pages.dev

> travelboard@0.1.0 build
> next build

   в–І Next.js 15.5.19
   - Environments: .env

   Creating an optimized production build ...
 вң“ Compiled successfully in 5.0s
   Skipping validation of types
   Skipping linting
   Collecting page data ...
   Generating static pages (0/65) ...
   Generating static pages (16/65) 
   Generating static pages (32/65) 
   Generating static pages (48/65) 
 вң“ Generating static pages (65/65)
   Finalizing page optimization ...
   Collecting build traces ...

Route (app)                                       Size  First Load JS
в”Ң в—Ӣ /                                           343 kB         445 kB
в”ң в—Ӣ /_not-found                                  999 B         103 kB
в”ң в—Ӣ /admin                                     1.78 kB         107 kB
в”ң Ж’ /api/admin/stats                             321 B         103 kB
в”ң Ж’ /api/alerts                                  321 B         103 kB
в”ң Ж’ /api/alerts/[id]/ack                         321 B         103 kB
в”ң Ж’ /api/auth/login                              321 B         103 kB
в”ң Ж’ /api/auth/logout                             321 B         103 kB
в”ң Ж’ /api/auth/me                                 321 B         103 kB
в”ң Ж’ /api/auth/register                           321 B         103 kB
в”ң Ж’ /api/awards/availability                     321 B         103 kB
в”ң Ж’ /api/awards/refresh                          321 B         103 kB
в”ң Ж’ /api/boards                                  321 B         103 kB
в”ң Ж’ /api/boards/[id]                             321 B         103 kB
в”ң Ж’ /api/boards/[id]/deals                       321 B         103 kB
в”ң Ж’ /api/boards/[id]/deals/[dealId]/comments     321 B         103 kB
в”ң Ж’ /api/boards/[id]/deals/[dealId]/vote         321 B         103 kB
в”ң Ж’ /api/cover-image                             321 B         103 kB
в”ң Ж’ /api/deals/compare                           321 B         103 kB
в”ң Ж’ /api/deals/countries                         321 B         103 kB
в”ң Ж’ /api/deals/routes                            321 B         103 kB
в”ң Ж’ /api/deals/score                             321 B         103 kB
в”ң Ж’ /api/destinations/[code]                     321 B         103 kB
в”ң Ж’ /api/drafts                                  321 B         103 kB
в”ң Ж’ /api/drafts/[id]                             321 B         103 kB
в”ң Ж’ /api/drafts/[id]/promote                     321 B         103 kB
в”ң Ж’ /api/drafts/enrich                           321 B         103 kB
в”ң Ж’ /api/drafts/import                           321 B         103 kB
в”ң Ж’ /api/drafts/ingest                           321 B         103 kB
в”ң Ж’ /api/export/csv                              321 B         103 kB
в”ң Ж’ /api/export/json                             321 B         103 kB
в”ң Ж’ /api/fare-prediction                         321 B         103 kB
в”ң Ж’ /api/fares                                   321 B         103 kB
в”ң Ж’ /api/fares/history/[origin]/[destination]    321 B         103 kB
в”ң Ж’ /api/fares/top-deals                         321 B         103 kB
в”ң Ж’ /api/fares/warm                              321 B         103 kB
в”ң Ж’ /api/flight-prices                           321 B         103 kB
в”ң Ж’ /api/gamification/badges                     321 B         103 kB
в”ң Ж’ /api/gamification/event                      321 B         103 kB
в”ң Ж’ /api/gamification/progress                   321 B         103 kB
в”ң Ж’ /api/geocode                                 321 B         103 kB
в”ң Ж’ /api/hardware-sync                           321 B         103 kB
в”ң Ж’ /api/image-proxy                             321 B         103 kB
в”ң Ж’ /api/journal                                 321 B         103 kB
в”ң Ж’ /api/journal/[id]                            321 B         103 kB
в”ң Ж’ /api/journal/[id]/public                     321 B         103 kB
в”ң Ж’ /api/journal/countries                       321 B         103 kB
в”ң Ж’ /api/journal/stats                           321 B         103 kB
в”ң Ж’ /api/locations                               321 B         103 kB
в”ң Ж’ /api/locations/[id]                          321 B         103 kB
в”ң Ж’ /api/locations/[id]/star                     321 B         103 kB
в”ң Ж’ /api/lounges/[id]                            321 B         103 kB
в”ң Ж’ /api/lounges/search                          321 B         103 kB
в”ң Ж’ /api/loyalty                                 321 B         103 kB
в”ң Ж’ /api/loyalty/[id]                            321 B         103 kB
в”ң Ж’ /api/loyalty/programs                        321 B         103 kB
в”ң Ж’ /api/loyalty/transfers                       321 B         103 kB
в”ң Ж’ /api/onboarding                              321 B         103 kB
в”ң Ж’ /api/packing                                 321 B         103 kB
в”ң Ж’ /api/points/calculator                       321 B         103 kB
в”ң Ж’ /api/points/cards                            321 B         103 kB
в”ң Ж’ /api/points/cards/[id]                       321 B         103 kB
в”ң Ж’ /api/points/optimize                         321 B         103 kB
в”ң Ж’ /api/points/sweet-spots                      321 B         103 kB
в”ң Ж’ /api/prefs                                   321 B         103 kB
в”ң Ж’ /api/profile                                 321 B         103 kB
в”ң Ж’ /api/saved-deals                             321 B         103 kB
в”ң Ж’ /api/savings                                 321 B         103 kB
в”ң Ж’ /api/search                                  321 B         103 kB
в”ң Ж’ /api/search/calendar                         321 B         103 kB
в”ң Ж’ /api/settings                                321 B         103 kB
в”ң Ж’ /api/track/[flight]                          321 B         103 kB
в”ң Ж’ /api/trips                                   321 B         103 kB
в”ң Ж’ /api/trips/[id]                              321 B         103 kB
в”ң Ж’ /api/trips/plans                             321 B         103 kB
в”ң Ж’ /api/trips/plans/[id]                        321 B         103 kB
в”ң Ж’ /api/trips/plans/[id]/legs                   321 B         103 kB
в”ң Ж’ /api/trips/plans/[id]/legs/[legId]           321 B         103 kB
в”ң Ж’ /api/trips/stats                             321 B         103 kB
в”ң Ж’ /api/upload                                  321 B         103 kB
в”ң Ж’ /api/watches                                 321 B         103 kB
в”ң Ж’ /api/watches/[id]                            321 B         103 kB
в”ң в—Ҹ /journal/[id]                                172 B         106 kB
в”ң в—Ӣ /sign-in                                     172 B         106 kB
в”” в—Ӣ /sign-up                                     172 B         106 kB
+ First Load JS shared by all                   102 kB
  в”ң chunks/1255-b4deec658da15f4f.js            46.1 kB
  в”ң chunks/4bd1b696-f6bedae49f0827a5.js        54.2 kB
  в”” other shared chunks (total)                1.88 kB


в—Ӣ  (Static)   prerendered as static content
в—Ҹ  (SSG)      prerendered as static HTML (uses generateStaticParams)
Ж’  (Dynamic)  server-rendered on demand

[1m[34mUse --update-env to update environment variables[39m[22m
[32m[PM2] [39mApplying action restartProcessId on app [travelboard](ids: [ 32 ])
[32m[PM2] [39m[travelboard](32) вң“
в”Ңв”Җв”Җв”Җв”Җв”¬в”Җв”Җв”Җв”Җв”Җв”Җв”Җв”Җв”Җв”Җв”Җв”Җв”Җв”Җв”Җв”Җв”Җв”Җв”Җв”Җв”Җв”Җв”Җв”Җв”Җв”Җв”Җв”Җв”¬в”Җв”Җв”Җв”Җв”Җв”Җв”Җв”Җв”Җв”Җв”Җв”Җв”Җв”¬в”Җв”Җв”Җв”Җв”Җв”Җв”Җв”Җв”Җв”¬в”Җв”Җв”Җв”Җв”Җв”Җв”Җв”Җв”Җв”¬в”Җв”Җв”Җв”Җв”Җв”Җв”Җв”Җв”Җв”Җв”¬в”Җв”Җв”Җв”Җв”Җв”Җв”Җв”Җв”¬в”Җв”Җв”Җв”Җв”Җв”Җв”¬в”Җв”Җв”Җв”Җв”Җв”Җв”Җв”Җв”Җв”Җв”Җв”¬в”Җв”Җв”Җв”Җв”Җв”Җв”Җв”Җв”Җв”Җв”¬в”Җв”Җв”Җв”Җв”Җв”Җв”Җв”Җв”Җв”Җв”¬в”Җв”Җв”Җв”Җв”Җв”Җв”Җв”Җв”Җв”Җв”¬в”Җв”Җв”Җв”Җв”Җв”Җв”Җв”Җв”Җв”Җв”җ
в”Ӯ id в”Ӯ name                       в”Ӯ namespace   в”Ӯ version в”Ӯ mode    в”Ӯ pid      в”Ӯ uptime в”Ӯ вҶә    в”Ӯ status    в”Ӯ cpu      в”Ӯ mem      в”Ӯ user     в”Ӯ watching в”Ӯ
в”ңв”Җв”Җв”Җв”Җв”јв”Җв”Җв”Җв”Җв”Җв”Җв”Җв”Җв”Җв”Җв”Җв”Җв”Җв”Җв”Җв”Җв”Җв”Җв”Җв”Җв”Җв”Җв”Җв”Җв”Җв”Җв”Җв”Җв”јв”Җв”Җв”Җв”Җв”Җв”Җв”Җв”Җв”Җв”Җв”Җв”Җв”Җв”јв”Җв”Җв”Җв”Җв”Җв”Җв”Җв”Җв”Җв”јв”Җв”Җв”Җв”Җв”Җв”Җв”Җв”Җв”Җв”јв”Җв”Җв”Җв”Җв”Җв”Җв”Җв”Җв”Җв”Җв”јв”Җв”Җв”Җв”Җв”Җв”Җв”Җв”Җв”јв”Җв”Җв”Җв”Җв”Җв”Җв”јв”Җв”Җв”Җв”Җв”Җв”Җв”Җв”Җв”Җв”Җв”Җв”јв”Җв”Җв”Җв”Җв”Җв”Җв”Җв”Җв”Җв”Җв”јв”Җв”Җв”Җв”Җв”Җв”Җв”Җв”Җв”Җв”Җв”јв”Җв”Җв”Җв”Җв”Җв”Җв”Җв”Җв”Җв”Җв”јв”Җв”Җв”Җв”Җв”Җв”Җв”Җв”Җв”Җв”Җв”Ө
в”Ӯ [1m[36m20[39m[22m в”Ӯ aeroforge-backend          в”Ӯ default     в”Ӯ N/A     в”Ӯ [7m[1mfork[22m[27m    в”Ӯ 96953    в”Ӯ 2D     в”Ӯ 43   в”Ӯ [32m[1monline[22m[39m    в”Ӯ 0%       в”Ӯ 77.0mb   в”Ӯ [1mjupiter[22m  в”Ӯ [90mdisabled[39m в”Ӯ
в”Ӯ [1m[36m26[39m[22m в”Ӯ aeroforge-frontend         в”Ӯ default     в”Ӯ 14.2.29 в”Ӯ [7m[1mfork[22m[27m    в”Ӯ 429498   в”Ӯ 28h    в”Ӯ 10   в”Ӯ [32m[1monline[22m[39m    в”Ӯ 0%       в”Ӯ 130.4mb  в”Ӯ [1mjupiter[22m  в”Ӯ [90mdisabled[39m в”Ӯ
в”Ӯ [1m[36m4[39m[22m  в”Ӯ alert-router               в”Ӯ default     в”Ӯ 1.0.0   в”Ӯ [7m[1mfork[22m[27m    в”Ӯ 996802   в”Ӯ 13D    в”Ӯ 40   в”Ӯ [32m[1monline[22m[39m    в”Ӯ 0%       в”Ӯ 117.2mb  в”Ӯ [1mjupiter[22m  в”Ӯ [90mdisabled[39m в”Ӯ
в”Ӯ [1m[36m17[39m[22m в”Ӯ external-trigger-daemon    в”Ӯ default     в”Ӯ N/A     в”Ӯ [7m[1mfork[22m[27m    в”Ӯ 2730642  в”Ӯ 5D     в”Ӯ 6    в”Ӯ [32m[1monline[22m[39m    в”Ӯ 0%       в”Ӯ 3.6mb    в”Ӯ [1mjupiter[22m  в”Ӯ [90mdisabled[39m в”Ӯ
в”Ӯ [1m[36m12[39m[22m в”Ӯ mbo-recorder               в”Ӯ default     в”Ӯ N/A     в”Ӯ [7m[1mfork[22m[27m    в”Ӯ 0        в”Ӯ 0      в”Ӯ 6    в”Ӯ [31m[1mstopped[22m[39m   в”Ӯ 0%       в”Ӯ 0b       в”Ӯ [1mjupiter[22m  в”Ӯ [90mdisabled[39m в”Ӯ
в”Ӯ [1m[36m11[39m[22m в”Ӯ paper-mamba                в”Ӯ default     в”Ӯ N/A     в”Ӯ [7m[1mfork[22m[27m    в”Ӯ 0        в”Ӯ 0      в”Ӯ 0    в”Ӯ [31m[1mstopped[22m[39m   в”Ӯ 0%       в”Ӯ 0b       в”Ӯ [1mjupiter[22m  в”Ӯ [90mdisabled[39m в”Ӯ
в”Ӯ [1m[36m7[39m[22m  в”Ӯ persistent-monitor         в”Ӯ default     в”Ӯ 1.0.0   в”Ӯ [7m[1mfork[22m[27m    в”Ӯ 2639273  в”Ӯ 5D     в”Ӯ 8    в”Ӯ [32m[1monline[22m[39m    в”Ӯ 0%       в”Ӯ 75.1mb   в”Ӯ [1mjupiter[22m  в”Ӯ [90mdisabled[39m в”Ӯ
в”Ӯ [1m[36m2[39m[22m  в”Ӯ qcc-daemon                 в”Ӯ default     в”Ӯ 1.0.0   в”Ӯ [7m[1mfork[22m[27m    в”Ӯ 2365360  в”Ӯ 6D     в”Ӯ 5    в”Ӯ [32m[1monline[22m[39m    в”Ӯ 0%       в”Ӯ 88.3mb   в”Ӯ [1mjupiter[22m  в”Ӯ [90mdisabled[39m в”Ӯ
в”Ӯ [1m[36m3[39m[22m  в”Ӯ qcc-orchestrator           в”Ӯ default     в”Ӯ 1.0.0   в”Ӯ [7m[1mfork[22m[27m    в”Ӯ 992738   в”Ӯ 44D    в”Ӯ 0    в”Ӯ [32m[1monline[22m[39m    в”Ӯ 0%       в”Ӯ 39.8mb   в”Ӯ [1mjupiter[22m  в”Ӯ [90mdisabled[39m в”Ӯ
в”Ӯ [1m[36m13[39m[22m в”Ӯ quant-dashboard            в”Ӯ default     в”Ӯ N/A     в”Ӯ [7m[1mfork[22m[27m    в”Ӯ 1414208  в”Ӯ 42D    в”Ӯ 14   в”Ӯ [32m[1monline[22m[39m    в”Ӯ 0%       в”Ӯ 8.2mb    в”Ӯ [1mjupiter[22m  в”Ӯ [90mdisabled[39m в”Ӯ
в”Ӯ [1m[36m18[39m[22m в”Ӯ queue-puller-jupiter       в”Ӯ default     в”Ӯ N/A     в”Ӯ [7m[1mfork[22m[27m    в”Ӯ 1096088  в”Ӯ 29D    в”Ӯ 0    в”Ӯ [32m[1monline[22m[39m    в”Ӯ 0%       в”Ӯ 12.0mb   в”Ӯ [1mjupiter[22m  в”Ӯ [90mdisabled[39m в”Ӯ
в”Ӯ [1m[36m22[39m[22m в”Ӯ ray-head                   в”Ӯ default     в”Ӯ N/A     в”Ӯ [7m[1mfork[22m[27m    в”Ӯ 2528937  в”Ӯ 6D     в”Ӯ 0    в”Ӯ [32m[1monline[22m[39m    в”Ӯ 0%       в”Ӯ 3.4mb    в”Ӯ [1mjupiter[22m  в”Ӯ [90mdisabled[39m в”Ӯ
в”Ӯ [1m[36m15[39m[22m в”Ӯ razer-watchdog             в”Ӯ default     в”Ӯ N/A     в”Ӯ [7m[1mfork[22m[27m    в”Ӯ 0        в”Ӯ 0      в”Ӯ 2    в”Ӯ [31m[1mstopped[22m[39m   в”Ӯ 0%       в”Ӯ 0b       в”Ӯ [1mjupiter[22m  в”Ӯ [90mdisabled[39m в”Ӯ
в”Ӯ [1m[36m5[39m[22m  в”Ӯ sleep-orchestrator         в”Ӯ default     в”Ӯ 1.0.0   в”Ӯ [7m[1mfork[22m[27m    в”Ӯ 4678     в”Ӯ 50D    в”Ӯ 0    в”Ӯ [32m[1monline[22m[39m    в”Ӯ 0%       в”Ӯ 73.4mb   в”Ӯ [1mjupiter[22m  в”Ӯ [90mdisabled[39m в”Ӯ
в”Ӯ [1m[36m16[39m[22m в”Ӯ sweep-result-watcher       в”Ӯ default     в”Ӯ N/A     в”Ӯ [7m[1mfork[22m[27m    в”Ӯ 3316999  в”Ӯ 37D    в”Ӯ 1    в”Ӯ [32m[1monline[22m[39m    в”Ӯ 0%       в”Ӯ 896.0kb  в”Ӯ [1mjupiter[22m  в”Ӯ [90mdisabled[39m в”Ӯ
в”Ӯ [1m[36m25[39m[22m в”Ӯ teleclaude-bridge          в”Ӯ default     в”Ӯ 1.0.0   в”Ӯ [7m[1mfork[22m[27m    в”Ӯ 556338   в”Ӯ 20h    в”Ӯ 2    в”Ӯ [32m[1monline[22m[39m    в”Ӯ 0%       в”Ӯ 69.9mb   в”Ӯ [1mjupiter[22m  в”Ӯ [90mdisabled[39m в”Ӯ
в”Ӯ [1m[36m32[39m[22m в”Ӯ travelboard                в”Ӯ default     в”Ӯ 0.1.0   в”Ӯ [34m[1mcluster[22m[39m в”Ӯ 822462   в”Ӯ 0s     в”Ӯ 8    в”Ӯ [32m[1monline[22m[39m    в”Ӯ 0%       в”Ӯ 45.2mb   в”Ӯ [1mjupiter[22m  в”Ӯ [90mdisabled[39m в”Ӯ
в”Ӯ [1m[36m31[39m[22m в”Ӯ travelboard-tunnel         в”Ӯ default     в”Ӯ N/A     в”Ӯ [7m[1mfork[22m[27m    в”Ӯ 787255   в”Ӯ 73m    в”Ӯ 0    в”Ӯ [32m[1monline[22m[39m    в”Ӯ 0%       в”Ӯ 36.6mb   в”Ӯ [1mjupiter[22m  в”Ӯ [90mdisabled[39m в”Ӯ
в”Ӯ [1m[36m21[39m[22m в”Ӯ wheel-paper-balanced       в”Ӯ default     в”Ӯ N/A     в”Ӯ [7m[1mfork[22m[27m    в”Ӯ 2476303  в”Ӯ 6D     в”Ӯ 0    в”Ӯ [32m[1monline[22m[39m    в”Ӯ 0%       в”Ӯ 222.7mb  в”Ӯ [1mjupiter[22m  в”Ӯ [90mdisabled[39m в”Ӯ
в”Ӯ [1m[36m19[39m[22m в”Ӯ wheel-paper-engine         в”Ӯ default     в”Ӯ N/A     в”Ӯ [7m[1mfork[22m[27m    в”Ӯ 2261348  в”Ӯ 7D     в”Ӯ 1    в”Ӯ [32m[1monline[22m[39m    в”Ӯ 0%       в”Ӯ 222.5mb  в”Ӯ [1mjupiter[22m  в”Ӯ [90mdisabled[39m в”Ӯ
в””в”Җв”Җв”Җв”Җв”ҙв”Җв”Җв”Җв”Җв”Җв”Җв”Җв”Җв”Җв”Җв”Җв”Җв”Җв”Җв”Җв”Җв”Җв”Җв”Җв”Җв”Җв”Җв”Җв”Җв”Җв”Җв”Җв”Җв”ҙв”Җв”Җв”Җв”Җв”Җв”Җв”Җв”Җв”Җв”Җв”Җв”Җв”Җв”ҙв”Җв”Җв”Җв”Җв”Җв”Җв”Җв”Җв”Җв”ҙв”Җв”Җв”Җв”Җв”Җв”Җв”Җв”Җв”Җв”ҙв”Җв”Җв”Җв”Җв”Җв”Җв”Җв”Җв”Җв”Җв”ҙв”Җв”Җв”Җв”Җв”Җв”Җв”Җв”Җв”ҙв”Җв”Җв”Җв”Җв”Җв”Җв”ҙв”Җв”Җв”Җв”Җв”Җв”Җв”Җв”Җв”Җв”Җв”Җв”ҙв”Җв”Җв”Җв”Җв”Җв”Җв”Җв”Җв”Җв”Җв”ҙв”Җв”Җв”Җв”Җв”Җв”Җв”Җв”Җв”Җв”Җв”ҙв”Җв”Җв”Җв”Җв”Җв”Җв”Җв”Җв”Җв”Җв”ҙв”Җв”Җв”Җв”Җв”Җв”Җв”Җв”Җв”Җв”Җв”ҳ
[1mModule[22m
в”Ңв”Җв”Җв”Җв”Җв”¬в”Җв”Җв”Җв”Җв”Җв”Җв”Җв”Җв”Җв”Җв”Җв”Җв”Җв”Җв”Җв”Җв”Җв”Җв”Җв”Җв”Җв”Җв”Җв”Җв”Җв”Җв”Җв”Җв”Җв”Җв”¬в”Җв”Җв”Җв”Җв”Җв”Җв”Җв”Җв”Җв”Җв”Җв”Җв”Җв”Җв”Җв”¬в”Җв”Җв”Җв”Җв”Җв”Җв”Җв”Җв”Җв”Җв”¬в”Җв”Җв”Җв”Җв”Җв”Җв”Җв”Җв”Җв”Җв”¬в”Җв”Җв”Җв”Җв”Җв”Җв”¬в”Җв”Җв”Җв”Җв”Җв”Җв”Җв”Җв”Җв”Җв”¬в”Җв”Җв”Җв”Җв”Җв”Җв”Җв”Җв”Җв”Җв”¬в”Җв”Җв”Җв”Җв”Җв”Җв”Җв”Җв”Җв”Җв”җ
в”Ӯ id в”Ӯ module                       в”Ӯ version       в”Ӯ pid      в”Ӯ status   в”Ӯ вҶә    в”Ӯ cpu      в”Ӯ mem      в”Ӯ user     в”Ӯ
в”ңв”Җв”Җв”Җв”Җв”јв”Җв”Җв”Җв”Җв”Җв”Җв”Җв”Җв”Җв”Җв”Җв”Җв”Җв”Җв”Җв”Җв”Җв”Җв”Җв”Җв”Җв”Җв”Җв”Җв”Җв”Җв”Җв”Җв”Җв”Җв”јв”Җв”Җв”Җв”Җв”Җв”Җв”Җв”Җв”Җв”Җв”Җв”Җв”Җв”Җв”Җв”јв”Җв”Җв”Җв”Җв”Җв”Җв”Җв”Җв”Җв”Җв”јв”Җв”Җв”Җв”Җв”Җв”Җв”Җв”Җв”Җв”Җв”јв”Җв”Җв”Җв”Җв”Җв”Җв”јв”Җв”Җв”Җв”Җв”Җв”Җв”Җв”Җв”Җв”Җв”јв”Җв”Җв”Җв”Җв”Җв”Җв”Җв”Җв”Җв”Җв”јв”Җв”Җв”Җв”Җв”Җв”Җв”Җв”Җв”Җв”Җв”Ө
в”Ӯ [1m[36m0[39m[22m  в”Ӯ pm2-logrotate                в”Ӯ 3.0.0         в”Ӯ 4043     в”Ӯ [32m[1monline[22m[39m   в”Ӯ 0    в”Ӯ 0%       в”Ӯ 54.7mb   в”Ӯ [1mjupiter[22m  в”Ӯ
в””в”Җв”Җв”Җв”Җв”ҙв”Җв”Җв”Җв”Җв”Җв”Җв”Җв”Җв”Җв”Җв”Җв”Җв”Җв”Җв”Җв”Җв”Җв”Җв”Җв”Җв”Җв”Җв”Җв”Җв”Җв”Җв”Җв”Җв”Җв”Җв”ҙв”Җв”Җв”Җв”Җв”Җв”Җв”Җв”Җв”Җв”Җв”Җв”Җв”Җв”Җв”Җв”ҙв”Җв”Җв”Җв”Җв”Җв”Җв”Җв”Җв”Җв”Җв”ҙв”Җв”Җв”Җв”Җв”Җв”Җв”Җв”Җв”Җв”Җв”ҙв”Җв”Җв”Җв”Җв”Җв”Җв”ҙв”Җв”Җв”Җв”Җв”Җв”Җв”Җв”Җв”Җв”Җв”ҙв”Җв”Җв”Җв”Җв”Җв”Җв”Җв”Җв”Җв”Җв”ҙв”Җв”Җв”Җв”Җв”Җв”Җв”Җв”Җв”Җв”Җв”ҳ
Tue Jun 16 09:22:45 PM EDT 2026 вҖ” Deploy complete: https://travelboard-9q0.pages.dev
Tue Jun 16 09:57:49 PM EDT 2026 вҖ” Deploying to Cloudflare Pages (API: https://absorption-slideshow-labeled-decade.trycloudflare.com)
   в–І Next.js 15.3.3
   - Environments: .env

   Creating an optimized production build ...
<w> [webpack.cache.PackFileCacheStrategy] Serializing big strings (218kiB) impacts deserialization performance (consider using Buffer instead and decode when needed)
 вң“ Compiled successfully in 12.0s
   Skipping validation of types
   Skipping linting
   Collecting page data ...
   Generating static pages (0/6) ...
   Generating static pages (1/6) 
   Generating static pages (2/6) 
   Generating static pages (4/6) 
 вң“ Generating static pages (6/6)
   Finalizing page optimization ...
   Collecting build traces ...
 вҡ  Statically exporting a Next.js application via `next export` disables API routes and middleware.
This command is meant for static-only hosts, and is not necessary to make your application static.
Pages in your application without server-side data dependencies will be automatically statically exported by `next build`, including pages powered by `getStaticProps`.
Learn more: https://nextjs.org/docs/messages/api-routes-static-export
   Exporting (0/4) ...
   Exporting (1/4) 
   Exporting (2/4) 
   Exporting (3/4) 
 вң“ Exporting (4/4)

Route (app)                                  Size  First Load JS
в”Ң в—Ӣ /                                      343 kB         445 kB
в”ң в—Ӣ /_not-found                             140 B         101 kB
в”ң в—Ӣ /admin                                1.79 kB         106 kB
в”” в—Ҹ /journal/[id]                           172 B         105 kB
+ First Load JS shared by all              101 kB
  в”ң chunks/495-f82de8452af722ea.js        46.1 kB
  в”ң chunks/6ad05b90-ec5fd046e00294ca.js   53.2 kB
  в”” other shared chunks (total)           1.87 kB

Route (pages)                                Size  First Load JS
в”Җ   /_app                                     0 B        93.4 kB
+ First Load JS shared by all             93.4 kB
  в”ң chunks/framework-43eecf830e17037a.js  57.7 kB
  в”ң chunks/main-ec6e3e3ea73385ac.js       33.8 kB
  в”” other shared chunks (total)           1.94 kB

Ж’ Middleware                              90.2 kB

в—Ӣ  (Static)  prerendered as static content
в—Ҹ  (SSG)     prerendered as static HTML (uses generateStaticParams)


 вӣ…пёҸ wrangler 4.101.0
в”Җв”Җв”Җв”Җв”Җв”Җв”Җв”Җв”Җв”Җв”Җв”Җв”Җв”Җв”Җв”Җв”Җв”Җв”Җв”Җ
Uploading... (37/46)
Uploading... (40/46)
Uploading... (43/46)
Uploading... (46/46)
вңЁ Success! Uploaded 9 files (37 already uploaded) (1.11 sec)

рҹҢҺ Deploying...
вңЁ Deployment complete! Take a peek over at https://381e4bbc.travelboard-9q0.pages.dev
Tue Jun 16 09:58:19 PM EDT 2026 вҖ” Deploy complete: https://travelboard-9q0.pages.dev
Tue Jun 16 10:03:15 PM EDT 2026 вҖ” Deploying to Cloudflare Pages (API: https://absorption-slideshow-labeled-decade.trycloudflare.com)
   в–І Next.js 15.3.3
   - Environments: .env

   Creating an optimized production build ...
<w> [webpack.cache.PackFileCacheStrategy] Serializing big strings (218kiB) impacts deserialization performance (consider using Buffer instead and decode when needed)
 вң“ Compiled successfully in 11.0s
   Skipping validation of types
   Skipping linting
   Collecting page data ...
   Generating static pages (0/6) ...
   Generating static pages (1/6) 
   Generating static pages (2/6) 
   Generating static pages (4/6) 
 вң“ Generating static pages (6/6)
   Finalizing page optimization ...
   Collecting build traces ...
 вҡ  Statically exporting a Next.js application via `next export` disables API routes and middleware.
This command is meant for static-only hosts, and is not necessary to make your application static.
Pages in your application without server-side data dependencies will be automatically statically exported by `next build`, including pages powered by `getStaticProps`.
Learn more: https://nextjs.org/docs/messages/api-routes-static-export
   Exporting (0/4) ...
   Exporting (1/4) 
   Exporting (2/4) 
   Exporting (3/4) 
 вң“ Exporting (4/4)

Route (app)                                  Size  First Load JS
в”Ң в—Ӣ /                                      343 kB         445 kB
в”ң в—Ӣ /_not-found                             140 B         101 kB
в”ң в—Ӣ /admin                                1.79 kB         106 kB
в”” в—Ҹ /journal/[id]                           172 B         105 kB
+ First Load JS shared by all              101 kB
  в”ң chunks/495-f82de8452af722ea.js        46.1 kB
  в”ң chunks/6ad05b90-ec5fd046e00294ca.js   53.2 kB
  в”” other shared chunks (total)           1.87 kB

Route (pages)                                Size  First Load JS
в”Җ   /_app                                     0 B        93.4 kB
+ First Load JS shared by all             93.4 kB
  в”ң chunks/framework-43eecf830e17037a.js  57.7 kB
  в”ң chunks/main-ec6e3e3ea73385ac.js       33.8 kB
  в”” other shared chunks (total)           1.94 kB

Ж’ Middleware                              90.2 kB

в—Ӣ  (Static)  prerendered as static content
в—Ҹ  (SSG)     prerendered as static HTML (uses generateStaticParams)


 вӣ…пёҸ wrangler 4.101.0
в”Җв”Җв”Җв”Җв”Җв”Җв”Җв”Җв”Җв”Җв”Җв”Җв”Җв”Җв”Җв”Җв”Җв”Җв”Җв”Җ
Uploading... (37/46)
Uploading... (40/46)
Uploading... (43/46)
Uploading... (46/46)
вңЁ Success! Uploaded 9 files (37 already uploaded) (1.24 sec)

рҹҢҺ Deploying...
вңЁ Deployment complete! Take a peek over at https://629f5e7a.travelboard-9q0.pages.dev
Tue Jun 16 10:03:41 PM EDT 2026 вҖ” Deploy complete: https://travelboard-9q0.pages.dev
Wed Jun 17 10:22:37 AM EDT 2026 вҖ” Deploying to Cloudflare Pages (API: https://travelboard-api.relentlessrobotics.workers.dev вҖ” permanent, no tunnel URL rotation)
   в–І Next.js 15.3.3
   - Environments: .env

   Creating an optimized production build ...
 вҡ  Production code optimization has been disabled in your project. Read more: https://nextjs.org/docs/messages/minification-disabled
 вң“ Compiled successfully in 8.0s
   Skipping validation of types
   Skipping linting
   Collecting page data ...
   Generating static pages (0/8) ...
   Generating static pages (2/8) 
   Generating static pages (4/8) 
   Generating static pages (6/8) 
 вң“ Generating static pages (8/8)
   Finalizing page optimization ...
   Collecting build traces ...
   Exporting (0/4) ...
   Exporting (1/4) 
   Exporting (2/4) 
   Exporting (3/4) 
 вң“ Exporting (4/4)

Route (app)                                 Size  First Load JS
в”Ң в—Ӣ /                                     502 kB         716 kB
в”ң в—Ӣ /_not-found                            241 B         214 kB
в”ң в—Ӣ /journal                               310 B         221 kB
в”ң в—Ҹ /journal/[id]                          310 B         221 kB
в”ң в—Ӣ /sign-in                             3.54 kB         217 kB
в”” в—Ӣ /sign-up                             3.54 kB         217 kB
+ First Load JS shared by all             214 kB
  в”ң chunks/495-3fd3f58b7f639659.js        118 kB
  в”ң chunks/6ad05b90-ee512a2c4f71b4c1.js  92.2 kB
  в”” other shared chunks (total)          4.03 kB


в—Ӣ  (Static)  prerendered as static content
в—Ҹ  (SSG)     prerendered as static HTML (uses generateStaticParams)


 вӣ…пёҸ wrangler 4.101.0
в”Җв”Җв”Җв”Җв”Җв”Җв”Җв”Җв”Җв”Җв”Җв”Җв”Җв”Җв”Җв”Җв”Җв”Җв”Җв”Җ
Uploading... (32/56)
Uploading... (40/56)
Uploading... (48/56)
Uploading... (56/56)
вңЁ Success! Uploaded 24 files (32 already uploaded) (2.35 sec)

вңЁ Uploading _headers
вңЁ Uploading _redirects
рҹҢҺ Deploying...
вңЁ Deployment complete! Take a peek over at https://3e49a5f6.travelboard-9q0.pages.dev
Wed Jun 17 10:23:08 AM EDT 2026 вҖ” Deploy complete: https://travelboard-9q0.pages.dev
Wed Jun 17 10:25:57 AM EDT 2026 вҖ” Deploying to Cloudflare Pages (API: https://travelboard-api.relentlessrobotics.workers.dev вҖ” permanent, no tunnel URL rotation)
   в–І Next.js 15.3.3
   - Environments: .env

   Creating an optimized production build ...
 вҡ  Production code optimization has been disabled in your project. Read more: https://nextjs.org/docs/messages/minification-disabled
 вң“ Compiled successfully in 8.0s
   Skipping validation of types
   Skipping linting
   Collecting page data ...
   Generating static pages (0/8) ...
   Generating static pages (2/8) 
   Generating static pages (4/8) 
   Generating static pages (6/8) 
 вң“ Generating static pages (8/8)
   Finalizing page optimization ...
   Collecting build traces ...
   Exporting (0/4) ...
   Exporting (1/4) 
   Exporting (2/4) 
   Exporting (3/4) 
 вң“ Exporting (4/4)

Route (app)                                 Size  First Load JS
в”Ң в—Ӣ /                                     503 kB         716 kB
в”ң в—Ӣ /_not-found                            241 B         214 kB
в”ң в—Ӣ /journal                               310 B         221 kB
в”ң в—Ҹ /journal/[id]                          310 B         221 kB
в”ң в—Ӣ /sign-in                             3.54 kB         217 kB
в”” в—Ӣ /sign-up                             3.53 kB         217 kB
+ First Load JS shared by all             214 kB
  в”ң chunks/495-3fd3f58b7f639659.js        118 kB
  в”ң chunks/6ad05b90-ee512a2c4f71b4c1.js  92.2 kB
  в”” other shared chunks (total)          4.03 kB


в—Ӣ  (Static)  prerendered as static content
в—Ҹ  (SSG)     prerendered as static HTML (uses generateStaticParams)


 вӣ…пёҸ wrangler 4.101.0
в”Җв”Җв”Җв”Җв”Җв”Җв”Җв”Җв”Җв”Җв”Җв”Җв”Җв”Җв”Җв”Җв”Җв”Җв”Җв”Җ
Uploading... (41/56)
Uploading... (46/56)
Uploading... (51/56)
Uploading... (56/56)
вңЁ Success! Uploaded 15 files (41 already uploaded) (2.36 sec)

вңЁ Uploading _headers
вңЁ Uploading _redirects
рҹҢҺ Deploying...
вңЁ Deployment complete! Take a peek over at https://08bc1c97.travelboard-9q0.pages.dev
Wed Jun 17 10:26:23 AM EDT 2026 вҖ” Deploy complete: https://travelboard-9q0.pages.dev
Wed Jun 17 10:27:55 AM EDT 2026 вҖ” Deploying to Cloudflare Pages (API: https://travelboard-api.relentlessrobotics.workers.dev вҖ” permanent, no tunnel URL rotation)
   в–І Next.js 15.3.3
   - Environments: .env

   Creating an optimized production build ...
 вҡ  Production code optimization has been disabled in your project. Read more: https://nextjs.org/docs/messages/minification-disabled
 вң“ Compiled successfully in 8.0s
   Skipping validation of types
   Skipping linting
   Collecting page data ...
   Generating static pages (0/8) ...
   Generating static pages (2/8) 
   Generating static pages (4/8) 
   Generating static pages (6/8) 
 вң“ Generating static pages (8/8)
   Finalizing page optimization ...
   Collecting build traces ...
   Exporting (0/4) ...
   Exporting (1/4) 
   Exporting (2/4) 
   Exporting (3/4) 
 вң“ Exporting (4/4)

Route (app)                                 Size  First Load JS
в”Ң в—Ӣ /                                     503 kB         716 kB
в”ң в—Ӣ /_not-found                            241 B         214 kB
в”ң в—Ӣ /journal                               310 B         221 kB
в”ң в—Ҹ /journal/[id]                          310 B         221 kB
в”ң в—Ӣ /sign-in                             3.54 kB         217 kB
в”” в—Ӣ /sign-up                             3.54 kB         217 kB
+ First Load JS shared by all             214 kB
  в”ң chunks/495-3fd3f58b7f639659.js        118 kB
  в”ң chunks/6ad05b90-ee512a2c4f71b4c1.js  92.2 kB
  в”” other shared chunks (total)          4.03 kB


в—Ӣ  (Static)  prerendered as static content
в—Ҹ  (SSG)     prerendered as static HTML (uses generateStaticParams)


 вӣ…пёҸ wrangler 4.101.0
в”Җв”Җв”Җв”Җв”Җв”Җв”Җв”Җв”Җв”Җв”Җв”Җв”Җв”Җв”Җв”Җв”Җв”Җв”Җв”Җ
Uploading... (40/56)
Uploading... (45/56)
Uploading... (51/56)
Uploading... (56/56)
вңЁ Success! Uploaded 16 files (40 already uploaded) (2.05 sec)

вңЁ Uploading _headers
вңЁ Uploading _redirects
рҹҢҺ Deploying...
вңЁ Deployment complete! Take a peek over at https://52a5ea4c.travelboard-9q0.pages.dev
Wed Jun 17 10:28:20 AM EDT 2026 вҖ” Deploy complete: https://travelboard-9q0.pages.dev
Wed Jun 17 10:40:59 AM EDT 2026 вҖ” Deploying to Cloudflare Pages (API: https://travelboard-api.relentlessrobotics.workers.dev вҖ” permanent, no tunnel URL rotation)
   в–І Next.js 15.3.3
   - Environments: .env

   Creating an optimized production build ...
 вҡ  Production code optimization has been disabled in your project. Read more: https://nextjs.org/docs/messages/minification-disabled
 вң“ Compiled successfully in 8.0s
   Skipping validation of types
   Skipping linting
   Collecting page data ...
   Generating static pages (0/8) ...
   Generating static pages (2/8) 
   Generating static pages (4/8) 
   Generating static pages (6/8) 
 вң“ Generating static pages (8/8)
   Finalizing page optimization ...
   Collecting build traces ...
   Exporting (0/4) ...
   Exporting (1/4) 
   Exporting (2/4) 
   Exporting (3/4) 
 вң“ Exporting (4/4)

Route (app)                                 Size  First Load JS
в”Ң в—Ӣ /                                     503 kB         716 kB
в”ң в—Ӣ /_not-found                            241 B         214 kB
в”ң в—Ӣ /journal                               310 B         221 kB
в”ң в—Ҹ /journal/[id]                          310 B         221 kB
в”ң в—Ӣ /sign-in                             3.54 kB         217 kB
в”” в—Ӣ /sign-up                             3.53 kB         217 kB
+ First Load JS shared by all             214 kB
  в”ң chunks/495-3fd3f58b7f639659.js        118 kB
  в”ң chunks/6ad05b90-ee512a2c4f71b4c1.js  92.2 kB
  в”” other shared chunks (total)          4.03 kB


в—Ӣ  (Static)  prerendered as static content
в—Ҹ  (SSG)     prerendered as static HTML (uses generateStaticParams)


 вӣ…пёҸ wrangler 4.101.0
в”Җв”Җв”Җв”Җв”Җв”Җв”Җв”Җв”Җв”Җв”Җв”Җв”Җв”Җв”Җв”Җв”Җв”Җв”Җв”Җ
Uploading... (41/56)
Uploading... (46/56)
Uploading... (51/56)
Uploading... (56/56)
вңЁ Success! Uploaded 15 files (41 already uploaded) (1.57 sec)

вңЁ Uploading _headers
вңЁ Uploading _redirects
рҹҢҺ Deploying...
вңЁ Deployment complete! Take a peek over at https://1874b92c.travelboard-9q0.pages.dev
Wed Jun 17 10:41:24 AM EDT 2026 вҖ” Deploy complete: https://travelboard-9q0.pages.dev
Wed Jun 17 11:50:43 AM EDT 2026 вҖ” Deploying to Cloudflare Pages (API: https://travelboard-api.relentlessrobotics.workers.dev вҖ” permanent, no tunnel URL rotation)
   в–І Next.js 15.3.3
   - Environments: .env

   Creating an optimized production build ...
 вҡ  Production code optimization has been disabled in your project. Read more: https://nextjs.org/docs/messages/minification-disabled
 вң“ Compiled successfully in 8.0s
   Skipping validation of types
   Skipping linting
   Collecting page data ...
   Generating static pages (0/9) ...
   Generating static pages (2/9) 
   Generating static pages (4/9) 
   Generating static pages (6/9) 
 вң“ Generating static pages (9/9)
   Finalizing page optimization ...
   Collecting build traces ...
   Exporting (0/4) ...
   Exporting (1/4) 
   Exporting (2/4) 
   Exporting (3/4) 
 вң“ Exporting (4/4)

Route (app)                                 Size  First Load JS
в”Ң в—Ӣ /                                     505 kB         718 kB
в”ң в—Ӣ /_not-found                            241 B         214 kB
в”ң в—Ӣ /journal                               310 B         221 kB
в”ң в—Ҹ /journal/[id]                          310 B         221 kB
в”ң в—Ӣ /share                               3.11 kB         217 kB
в”ң в—Ӣ /sign-in                             3.54 kB         217 kB
в”” в—Ӣ /sign-up                             3.53 kB         217 kB
+ First Load JS shared by all             214 kB
  в”ң chunks/495-3c8551ff2a98ad42.js        118 kB
  в”ң chunks/6ad05b90-3e13e1a025fa11cf.js  92.2 kB
  в”” other shared chunks (total)          4.03 kB


в—Ӣ  (Static)  prerendered as static content
в—Ҹ  (SSG)     prerendered as static HTML (uses generateStaticParams)


 вӣ…пёҸ wrangler 4.101.0
в”Җв”Җв”Җв”Җв”Җв”Җв”Җв”Җв”Җв”Җв”Җв”Җв”Җв”Җв”Җв”Җв”Җв”Җв”Җв”Җ
вңЁ Compiled Worker successfully
Uploading... (42/60)
Uploading... (48/60)
Uploading... (54/60)
Uploading... (60/60)
вңЁ Success! Uploaded 18 files (42 already uploaded) (1.94 sec)

вңЁ Uploading _headers
вңЁ Uploading _redirects
вңЁ Uploading Functions bundle
вңЁ Uploading _routes.json
рҹҢҺ Deploying...
вңЁ Deployment complete! Take a peek over at https://f8626c5a.travelboard-9q0.pages.dev
Wed Jun 17 11:51:08 AM EDT 2026 вҖ” Deploy complete: https://travelboard-9q0.pages.dev
